[2024-12-24T19:03:14.853+0000] {local_task_job_runner.py:123} INFO - ::group::Pre task execution logs
[2024-12-24T19:03:14.865+0000] {taskinstance.py:2613} INFO - Dependencies all met for dep_context=non-requeueable deps ti=<TaskInstance: user_automation.stream_data_from_api manual__2024-12-24T19:03:09.953795+00:00 [queued]>
[2024-12-24T19:03:14.870+0000] {taskinstance.py:2613} INFO - Dependencies all met for dep_context=requeueable deps ti=<TaskInstance: user_automation.stream_data_from_api manual__2024-12-24T19:03:09.953795+00:00 [queued]>
[2024-12-24T19:03:14.871+0000] {taskinstance.py:2866} INFO - Starting attempt 1 of 1
[2024-12-24T19:03:14.877+0000] {taskinstance.py:2889} INFO - Executing <Task(PythonOperator): stream_data_from_api> on 2024-12-24 19:03:09.953795+00:00
[2024-12-24T19:03:14.886+0000] {standard_task_runner.py:72} INFO - Started process 101 to run task
[2024-12-24T19:03:14.894+0000] {standard_task_runner.py:104} INFO - Running: ['***', 'tasks', 'run', 'user_automation', 'stream_data_from_api', 'manual__2024-12-24T19:03:09.953795+00:00', '--job-id', '2', '--raw', '--subdir', 'DAGS_FOLDER/kafka_stream.py', '--cfg-path', '/tmp/tmp_t5pd8kn']
[2024-12-24T19:03:14.899+0000] {standard_task_runner.py:105} INFO - Job 2: Subtask stream_data_from_api
[2024-12-24T19:03:15.099+0000] {task_command.py:467} INFO - Running <TaskInstance: user_automation.stream_data_from_api manual__2024-12-24T19:03:09.953795+00:00 [running]> on host 9166a5729844
[2024-12-24T19:03:15.462+0000] {taskinstance.py:3132} INFO - Exporting env vars: AIRFLOW_CTX_DAG_OWNER='vicky' AIRFLOW_CTX_DAG_ID='user_automation' AIRFLOW_CTX_TASK_ID='stream_data_from_api' AIRFLOW_CTX_EXECUTION_DATE='2024-12-24T19:03:09.953795+00:00' AIRFLOW_CTX_TRY_NUMBER='1' AIRFLOW_CTX_DAG_RUN_ID='manual__2024-12-24T19:03:09.953795+00:00'
[2024-12-24T19:03:15.470+0000] {taskinstance.py:731} INFO - ::endgroup::
[2024-12-24T19:03:15.756+0000] {taskinstance.py:3311} ERROR - Task failed with exception
Traceback (most recent call last):
  File "/home/airflow/.local/lib/python3.9/site-packages/airflow/models/taskinstance.py", line 767, in _execute_task
    result = _execute_callable(context=context, **execute_callable_kwargs)
  File "/home/airflow/.local/lib/python3.9/site-packages/airflow/models/taskinstance.py", line 733, in _execute_callable
    return ExecutionCallableRunner(
  File "/home/airflow/.local/lib/python3.9/site-packages/airflow/utils/operator_helpers.py", line 252, in run
    return self.func(*args, **kwargs)
  File "/home/airflow/.local/lib/python3.9/site-packages/airflow/models/baseoperator.py", line 422, in wrapper
    return func(self, *args, **kwargs)
  File "/home/airflow/.local/lib/python3.9/site-packages/airflow/operators/python.py", line 238, in execute
    return_value = self.execute_callable()
  File "/home/airflow/.local/lib/python3.9/site-packages/airflow/operators/python.py", line 256, in execute_callable
    return runner.run(*self.op_args, **self.op_kwargs)
  File "/home/airflow/.local/lib/python3.9/site-packages/airflow/utils/operator_helpers.py", line 252, in run
    return self.func(*args, **kwargs)
  File "/opt/airflow/dags/kafka_stream.py", line 46, in stream_data
    from kafka import KafkaProducer
  File "/home/airflow/.local/lib/python3.9/site-packages/kafka/__init__.py", line 19, in <module>
    from kafka.admin import KafkaAdminClient
  File "/home/airflow/.local/lib/python3.9/site-packages/kafka/admin/__init__.py", line 2, in <module>
    from kafka.admin.client import KafkaAdminClient
  File "/home/airflow/.local/lib/python3.9/site-packages/kafka/admin/client.py", line 10, in <module>
    from kafka.client_async import KafkaClient, selectors
  File "/home/airflow/.local/lib/python3.9/site-packages/kafka/client_async.py", line 11, in <module>
    from kafka.cluster import ClusterMetadata
  File "/home/airflow/.local/lib/python3.9/site-packages/kafka/cluster.py", line 8, in <module>
    from kafka.conn import collect_hosts
  File "/home/airflow/.local/lib/python3.9/site-packages/kafka/conn.py", line 11, in <module>
    from kafka import sasl
  File "/home/airflow/.local/lib/python3.9/site-packages/kafka/sasl/__init__.py", line 14, in <module>
    from kafka.sasl import msk
  File "/home/airflow/.local/lib/python3.9/site-packages/kafka/sasl/msk.py", line 15, in <module>
    from botocore.session import Session as BotoSession
  File "/home/airflow/.local/lib/python3.9/site-packages/botocore/session.py", line 26, in <module>
    import botocore.client
  File "/home/airflow/.local/lib/python3.9/site-packages/botocore/client.py", line 15, in <module>
    from botocore import waiter, xform_name
  File "/home/airflow/.local/lib/python3.9/site-packages/botocore/waiter.py", line 18, in <module>
    from botocore.docs.docstring import WaiterDocstring
  File "/home/airflow/.local/lib/python3.9/site-packages/botocore/docs/__init__.py", line 15, in <module>
    from botocore.docs.service import ServiceDocumenter
  File "/home/airflow/.local/lib/python3.9/site-packages/botocore/docs/service.py", line 14, in <module>
    from botocore.docs.client import (
  File "/home/airflow/.local/lib/python3.9/site-packages/botocore/docs/client.py", line 18, in <module>
    from botocore.docs.example import ResponseExampleDocumenter
  File "/home/airflow/.local/lib/python3.9/site-packages/botocore/docs/example.py", line 13, in <module>
    from botocore.docs.shape import ShapeDocumenter
  File "/home/airflow/.local/lib/python3.9/site-packages/botocore/docs/shape.py", line 19, in <module>
    from botocore.utils import is_json_value_header
  File "/home/airflow/.local/lib/python3.9/site-packages/botocore/utils.py", line 39, in <module>
    import botocore.httpsession
  File "/home/airflow/.local/lib/python3.9/site-packages/botocore/httpsession.py", line 45, in <module>
    from urllib3.contrib.pyopenssl import (
  File "/home/airflow/.local/lib/python3.9/site-packages/urllib3/contrib/pyopenssl.py", line 50, in <module>
    import OpenSSL.crypto
  File "/home/airflow/.local/lib/python3.9/site-packages/OpenSSL/__init__.py", line 8, in <module>
    from OpenSSL import SSL, crypto
  File "/home/airflow/.local/lib/python3.9/site-packages/OpenSSL/SSL.py", line 19, in <module>
    from OpenSSL.crypto import (
  File "/home/airflow/.local/lib/python3.9/site-packages/OpenSSL/crypto.py", line 1623, in <module>
    class X509StoreFlags:
  File "/home/airflow/.local/lib/python3.9/site-packages/OpenSSL/crypto.py", line 1642, in X509StoreFlags
    NOTIFY_POLICY: int = _lib.X509_V_FLAG_NOTIFY_POLICY
AttributeError: module 'lib' has no attribute 'X509_V_FLAG_NOTIFY_POLICY'
[2024-12-24T19:03:15.807+0000] {taskinstance.py:1225} INFO - Marking task as FAILED. dag_id=user_automation, task_id=stream_data_from_api, run_id=manual__2024-12-24T19:03:09.953795+00:00, execution_date=20241224T190309, start_date=20241224T190314, end_date=20241224T190315
[2024-12-24T19:03:15.829+0000] {taskinstance.py:340} INFO - ::group::Post task execution logs
[2024-12-24T19:03:15.830+0000] {standard_task_runner.py:124} ERROR - Failed to execute job 2 for task stream_data_from_api (module 'lib' has no attribute 'X509_V_FLAG_NOTIFY_POLICY'; 101)
Traceback (most recent call last):
  File "/home/airflow/.local/lib/python3.9/site-packages/airflow/task/task_runner/standard_task_runner.py", line 117, in _start_by_fork
    ret = args.func(args, dag=self.dag)
  File "/home/airflow/.local/lib/python3.9/site-packages/airflow/cli/cli_config.py", line 49, in command
    return func(*args, **kwargs)
  File "/home/airflow/.local/lib/python3.9/site-packages/airflow/utils/cli.py", line 116, in wrapper
    return f(*args, **kwargs)
  File "/home/airflow/.local/lib/python3.9/site-packages/airflow/cli/commands/task_command.py", line 483, in task_run
    task_return_code = _run_task_by_selected_method(args, _dag, ti)
  File "/home/airflow/.local/lib/python3.9/site-packages/airflow/cli/commands/task_command.py", line 256, in _run_task_by_selected_method
    return _run_raw_task(args, ti)
  File "/home/airflow/.local/lib/python3.9/site-packages/airflow/cli/commands/task_command.py", line 341, in _run_raw_task
    return ti._run_raw_task(
  File "/home/airflow/.local/lib/python3.9/site-packages/airflow/utils/session.py", line 97, in wrapper
    return func(*args, session=session, **kwargs)
  File "/home/airflow/.local/lib/python3.9/site-packages/airflow/models/taskinstance.py", line 3005, in _run_raw_task
    return _run_raw_task(
  File "/home/airflow/.local/lib/python3.9/site-packages/airflow/models/taskinstance.py", line 273, in _run_raw_task
    TaskInstance._execute_task_with_callbacks(
  File "/home/airflow/.local/lib/python3.9/site-packages/airflow/models/taskinstance.py", line 3159, in _execute_task_with_callbacks
    result = self._execute_task(context, task_orig)
  File "/home/airflow/.local/lib/python3.9/site-packages/airflow/models/taskinstance.py", line 3183, in _execute_task
    return _execute_task(self, context, task_orig)
  File "/home/airflow/.local/lib/python3.9/site-packages/airflow/models/taskinstance.py", line 767, in _execute_task
    result = _execute_callable(context=context, **execute_callable_kwargs)
  File "/home/airflow/.local/lib/python3.9/site-packages/airflow/models/taskinstance.py", line 733, in _execute_callable
    return ExecutionCallableRunner(
  File "/home/airflow/.local/lib/python3.9/site-packages/airflow/utils/operator_helpers.py", line 252, in run
    return self.func(*args, **kwargs)
  File "/home/airflow/.local/lib/python3.9/site-packages/airflow/models/baseoperator.py", line 422, in wrapper
    return func(self, *args, **kwargs)
  File "/home/airflow/.local/lib/python3.9/site-packages/airflow/operators/python.py", line 238, in execute
    return_value = self.execute_callable()
  File "/home/airflow/.local/lib/python3.9/site-packages/airflow/operators/python.py", line 256, in execute_callable
    return runner.run(*self.op_args, **self.op_kwargs)
  File "/home/airflow/.local/lib/python3.9/site-packages/airflow/utils/operator_helpers.py", line 252, in run
    return self.func(*args, **kwargs)
  File "/opt/airflow/dags/kafka_stream.py", line 46, in stream_data
    from kafka import KafkaProducer
  File "/home/airflow/.local/lib/python3.9/site-packages/kafka/__init__.py", line 19, in <module>
    from kafka.admin import KafkaAdminClient
  File "/home/airflow/.local/lib/python3.9/site-packages/kafka/admin/__init__.py", line 2, in <module>
    from kafka.admin.client import KafkaAdminClient
  File "/home/airflow/.local/lib/python3.9/site-packages/kafka/admin/client.py", line 10, in <module>
    from kafka.client_async import KafkaClient, selectors
  File "/home/airflow/.local/lib/python3.9/site-packages/kafka/client_async.py", line 11, in <module>
    from kafka.cluster import ClusterMetadata
  File "/home/airflow/.local/lib/python3.9/site-packages/kafka/cluster.py", line 8, in <module>
    from kafka.conn import collect_hosts
  File "/home/airflow/.local/lib/python3.9/site-packages/kafka/conn.py", line 11, in <module>
    from kafka import sasl
  File "/home/airflow/.local/lib/python3.9/site-packages/kafka/sasl/__init__.py", line 14, in <module>
    from kafka.sasl import msk
  File "/home/airflow/.local/lib/python3.9/site-packages/kafka/sasl/msk.py", line 15, in <module>
    from botocore.session import Session as BotoSession
  File "/home/airflow/.local/lib/python3.9/site-packages/botocore/session.py", line 26, in <module>
    import botocore.client
  File "/home/airflow/.local/lib/python3.9/site-packages/botocore/client.py", line 15, in <module>
    from botocore import waiter, xform_name
  File "/home/airflow/.local/lib/python3.9/site-packages/botocore/waiter.py", line 18, in <module>
    from botocore.docs.docstring import WaiterDocstring
  File "/home/airflow/.local/lib/python3.9/site-packages/botocore/docs/__init__.py", line 15, in <module>
    from botocore.docs.service import ServiceDocumenter
  File "/home/airflow/.local/lib/python3.9/site-packages/botocore/docs/service.py", line 14, in <module>
    from botocore.docs.client import (
  File "/home/airflow/.local/lib/python3.9/site-packages/botocore/docs/client.py", line 18, in <module>
    from botocore.docs.example import ResponseExampleDocumenter
  File "/home/airflow/.local/lib/python3.9/site-packages/botocore/docs/example.py", line 13, in <module>
    from botocore.docs.shape import ShapeDocumenter
  File "/home/airflow/.local/lib/python3.9/site-packages/botocore/docs/shape.py", line 19, in <module>
    from botocore.utils import is_json_value_header
  File "/home/airflow/.local/lib/python3.9/site-packages/botocore/utils.py", line 39, in <module>
    import botocore.httpsession
  File "/home/airflow/.local/lib/python3.9/site-packages/botocore/httpsession.py", line 45, in <module>
    from urllib3.contrib.pyopenssl import (
  File "/home/airflow/.local/lib/python3.9/site-packages/urllib3/contrib/pyopenssl.py", line 50, in <module>
    import OpenSSL.crypto
  File "/home/airflow/.local/lib/python3.9/site-packages/OpenSSL/__init__.py", line 8, in <module>
    from OpenSSL import SSL, crypto
  File "/home/airflow/.local/lib/python3.9/site-packages/OpenSSL/SSL.py", line 19, in <module>
    from OpenSSL.crypto import (
  File "/home/airflow/.local/lib/python3.9/site-packages/OpenSSL/crypto.py", line 1623, in <module>
    class X509StoreFlags:
  File "/home/airflow/.local/lib/python3.9/site-packages/OpenSSL/crypto.py", line 1642, in X509StoreFlags
    NOTIFY_POLICY: int = _lib.X509_V_FLAG_NOTIFY_POLICY
AttributeError: module 'lib' has no attribute 'X509_V_FLAG_NOTIFY_POLICY'
[2024-12-24T19:03:15.876+0000] {local_task_job_runner.py:266} INFO - Task exited with return code 1
[2024-12-24T19:03:15.908+0000] {taskinstance.py:3895} INFO - 0 downstream tasks scheduled from follow-on schedule check
[2024-12-24T19:03:15.909+0000] {local_task_job_runner.py:245} INFO - ::endgroup::
